<?xml version="1.0" encoding="UTF-8"?>
<coverage generated="1571298192">
  <project timestamp="1571298192">
    <package name="SMRhoney">
      <file name="/home/travis/build/smrhoney/php-testing/src/ConfigProvider.php">
        <class name="ConfigProvider" namespace="SMRhoney">
          <metrics complexity="1" methods="1" coveredmethods="1" conditionals="0" coveredconditionals="0" statements="1" coveredstatements="1" elements="2" coveredelements="2"/>
        </class>
        <line num="12" type="method" name="getConfig" visibility="public" complexity="1" crap="1" count="1"/>
        <line num="14" type="stmt" count="1"/>
        <metrics loc="15" ncloc="12" classes="1" methods="1" coveredmethods="1" conditionals="0" coveredconditionals="0" statements="1" coveredstatements="1" elements="2" coveredelements="2"/>
      </file>
    </package>
    <metrics files="1" loc="15" ncloc="12" classes="1" methods="1" coveredmethods="1" conditionals="0" coveredconditionals="0" statements="1" coveredstatements="1" elements="2" coveredelements="2"/>
  </project>
</coverage>
